2025-05-19 21:17:43,176 - ✅ - (uid=AaXsGwRj, url=https://divar.ir/v/%D8%A2%D9%BE%D8%A7%D8%B1%D8%AA%D9%85%D8%A7%D9%86-%DA%A9%DB%8C%D8%A7%D9%86%D8%B4%D9%87%D8%B1-%D9%82%D8%B1%D8%A8%D8%A7%D9%86%D8%B2%D8%A7%D8%AF%D9%87-70-%D9%85%D8%AA%D8%B1-%DB%8C%DA%A9-%D8%AE%D9%88%D8%A7%D8%A8/AaXsGwRj)  errors: []  warns: []
2025-05-19 21:18:22,697 - ✅ - (uid=AarskCln, url=https://divar.ir/v/%DB%B7%DB%B0%D9%85%D8%AA%D8%B1-%D8%AA%DA%A9-%D8%AE%D9%88%D8%A7%D8%A8-%D8%A8%DB%8C-%D9%86%D8%B8%DB%8C%D8%B1-%D9%81%D9%88%D9%84-%D8%B7%D9%86%D8%A7%D8%A8%DB%8C/AarskCln)  errors: []  warns: []
2025-05-19 21:18:48,155 - ✅ - (uid=Aarsh7aU, url=https://divar.ir/v/%D8%A7%D9%BE%D8%A7%D8%B1%D8%AA%D9%85%D8%A7%D9%86-63-%D9%85%D8%AA%D8%B1%DB%8C-%D8%B3%D9%86%D8%AF-%D8%AA%DA%A9-%D8%A8%D8%B1%DA%AF/Aarsh7aU)  errors: []  warns: ['title retry, saved: screenshot_in_title_error_retry1']
2025-05-19 21:18:48,581 - ✅ - (uid=AarUDjoG, url=https://divar.ir/v/%D8%A2%D9%BE%D8%A7%D8%B1%D8%AA%D9%85%D8%A7%D9%86-%DA%A9%DB%8C%D8%A7%D9%86%D8%B4%D9%87%D8%B1-%D9%85%DB%8C%D9%86%D8%A7%DB%8C%DB%8C-137-%D9%85%D8%AA%D8%B1-%D8%B3%D9%87-%D8%AE%D9%88%D8%A7%D8%A8/AarUDjoG)  errors: []  warns: ['title retry, saved: screenshot_in_title_error_retry1']
2025-05-19 21:18:49,656 - ✅ - (uid=AarcV6x9, url=https://divar.ir/v/%D8%A2%D9%BE%D8%A7%D8%B1%D8%AA%D9%85%D8%A7%D9%86-%D8%B4%D9%87%D8%B1%DA%A9-%DA%A9%DB%8C%D8%A7%D9%86%D8%B4%D9%87%D8%B1/AarcV6x9)  errors: []  warns: []
2025-05-19 21:18:50,778 - ✅ - (uid=wZ_v6tKc, url=https://divar.ir/v/%DB%B5%DB%B4%D9%85%D8%AA%D8%B1%DB%8C-%D9%82%D8%AF%D8%B1%D8%A7%D9%84%D8%B3%D9%87%D9%85-%D8%B3%DB%8C%D8%A7%D9%85%DA%A9-%D8%B4%D9%85%D8%A7%D9%84%DB%8C/wZ_v6tKc)  errors: []  warns: []
2025-05-19 21:18:52,339 - ✅ - (uid=Aac8L9U2, url=https://divar.ir/v/%DB%B5%DB%B8%D9%85%D8%AA%D8%B1%DB%8C-%D8%B4%D9%87%D8%B1%DA%A9-%D8%AC%D9%85%D9%87%D9%88%D8%B1%DB%8C-%D8%B3%D9%86%D8%AF-%D8%AA%DA%A9-%D8%A8%D8%B1%DA%AF-%D9%88%D8%B1%D9%88%D8%AF%DB%8C-%DB%8C%D8%A7%D8%B2%D8%AF%D9%87/Aac8L9U2)  errors: []  warns: ['title retry, saved: screenshot_in_title_error_retry1']
2025-05-19 21:18:54,338 - ✅ - (uid=AamUdi1Z, url=https://divar.ir/v/%D8%A7%D9%BE%D8%A7%D8%B1%D8%AA%D9%85%D8%A7%D9%86-%D8%AE%D9%88%D8%B4%D9%87-%D9%86%D9%82%D8%B4%D9%87-2%D8%AE%D9%88%D8%A7%D8%A8%D9%87/AamUdi1Z)  errors: []  warns: []
2025-05-19 21:18:57,370 - ✅ - (uid=Aajg582b, url=https://divar.ir/v/%DB%B1%DB%B3%DB%B3-%D9%85%D8%AA%D8%B1-%D8%AF%D9%88-%D9%82%D8%AF%D9%85%DB%8C-%D8%A8%D9%84%D9%88%D8%A7%D8%B1-%D8%A7%D9%85%D8%A7%D9%85-%D8%B1%D8%B6%D8%A7/Aajg582b)  errors: []  warns: []
2025-05-19 21:19:46,949 - ✅ - (uid=wZPrX2ON, url=https://divar.ir/v/%DB%B7%DB%B5-%DB%B6%DB%B5-%D8%B1%D8%AC%D8%A8-%D8%B2%D8%A7%D8%AF%D9%87-%D9%81%D9%88%D9%84-%D8%A7%D9%85%DA%A9%D8%A7%D9%86%D8%A7%D8%AA/wZPrX2ON)  errors: []  warns: []
2025-05-19 21:28:22,686 - ✅ - (uid=AarQEDzM, url=https://divar.ir/v/%D8%A7%D8%AC%D8%A7%D8%B1%D9%87-%D8%A2%D9%BE%D8%A7%D8%B1%D8%AA%D9%85%D8%A7%D9%86-%DB%B6%DB%B0-%D9%85%D8%AA%D8%B1%DB%8C-%D8%AF%D8%B1-%D8%B4%D9%87%D8%B1%DA%A9-%DA%A9%DB%8C%D8%A7%D9%86%D8%B4%D9%87%D8%B1-%D9%87%D8%AF%D8%A7%D9%88%D9%86%D8%AF-%D8%AC/AarQEDzM)  errors: []  warns: []
2025-05-19 21:28:22,711 - ✅ - (uid=AaHEGMsd, url=https://divar.ir/v/%D8%A7%D8%AC%D8%A7%D8%B1%D9%87-%D8%A2%D9%BE%D8%A7%D8%B1%D8%AA%D9%85%D8%A7%D9%86-%DB%B1%DB%B0%DB%B0-%D9%85%D8%AA%D8%B1%DB%8C-%D8%AF%D8%B1-%D9%82%D8%B1%D9%87-%D8%AF%D8%A7%D8%BA%DB%8C/AaHEGMsd)  errors: []  warns: []
2025-05-19 21:28:44,490 - ✅⚠️ - (uid=AarUUv0r, url=https://divar.ir/v/%D8%B1%D9%87%D9%86-%D8%A2%D9%BE%D8%A7%D8%B1%D8%AA%D9%85%D8%A7%D9%86-%DB%B9%DB%B2-%D9%85%D8%AA%D8%B1%DB%8C-%D8%AF%D8%B1-%D8%B4%D9%87%D8%B1%DA%A9-%DA%A9%DB%8C%D8%A7%D9%86%D8%B4%D9%87%D8%B1-%D9%81%D8%AA%D8%AD%DB%8C/AarUUv0r)  errors: []  warns: ['title retry, saved: screenshot_in_title_error_retry1']
2025-05-19 21:28:45,584 - ✅ - (uid=AaV48mXB, url=https://divar.ir/v/%D8%A7%D8%AC%D8%A7%D8%B1%D9%87-%D8%A2%D9%BE%D8%A7%D8%B1%D8%AA%D9%85%D8%A7%D9%86-60-%D9%85%D8%AA%D8%B1%DB%8C-%DA%A9%DB%8C%D8%A7%D9%86%D8%B4%D9%87%D8%B1-%D8%B3%DB%8C%D8%A7%D9%85%DA%A9-%D8%AC/AaV48mXB)  errors: []  warns: []
2025-05-19 21:28:53,087 - ✅ - (uid=AarIWdkk, url=https://divar.ir/v/%DB%B6%DB%B0-%D9%85%D8%AA%D8%B1%DB%8C-%D8%B1%D9%88%D8%A7%D9%86%D8%A8%D8%AE%D8%B4/AarIWdkk)  errors: []  warns: []
2025-05-19 21:28:57,230 - ✅⚠️ - (uid=AaXAxcPR, url=https://divar.ir/v/73-%D9%85%D8%AA%D8%B1-%D8%A2%D9%BE%D8%A7%D8%B1%D8%AA%D9%85%D8%A7%D9%86-%DA%A9%DB%8C%D8%A7%D9%86%D8%B4%D9%87%D8%B1-%D8%B3-%D8%AC%D9%86%D9%88%D8%A8%DB%8C-%D8%AF%D9%88-%D8%AE%D9%88%D8%A7%D8%A8/AaXAxcPR)  errors: []  warns: ['title retry, saved: screenshot_in_title_error_retry1']
2025-05-19 21:29:00,321 - ✅ - (uid=Aar01QwN, url=https://divar.ir/v/%D8%A2%D9%BE%D8%A7%D8%B1%D8%AA%D9%85%D8%A7%D9%86-%DB%B7%DB%B0-%D9%85%D8%AA%D8%B1%DB%8C-%DB%B2-%D8%AE%D9%88%D8%A7%D8%A8/Aar01QwN)  errors: []  warns: []
2025-05-19 21:29:00,470 - ✅ - (uid=Aar8Gj7K, url=https://divar.ir/v/%D9%88%D8%A7%D8%AD%D8%AF-%DB%B6%DB%B7-%D9%85%D8%AA%D8%B1%DB%8C-%D8%AA%D9%85%DB%8C%D8%B2/Aar8Gj7K)  errors: []  warns: []
2025-05-19 21:29:00,553 - ✅⚠️ - (uid=Aarg1Pge, url=https://divar.ir/v/%D8%A7%D8%AC%D8%A7%D8%B1%D9%87-%D8%A2%D9%BE%D8%A7%D8%B1%D8%AA%D9%85%D8%A7%D9%86-%DA%A9%DB%8C%D8%A7%D9%86%D8%B4%D9%87%D8%B1/Aarg1Pge)  errors: []  warns: ['title retry, saved: screenshot_in_title_error_retry1']
2025-05-19 21:29:42,095 - ✅ - (uid=Aar4CJkB, url=https://divar.ir/v/%D8%A7%D8%AC%D8%A7%D8%B1%D9%87-%D8%A2%D9%BE%D8%A7%D8%B1%D8%AA%D9%85%D8%A7%D9%86-%DB%B5%DB%B5-%D9%85%D8%AA%D8%B1%DB%8C-%D9%81%D9%88%D9%84-%D8%AA%D9%85%DB%8C%D8%B2/Aar4CJkB)  errors: []  warns: []
