[2025-05-03 10:27:11] INFO [web:139] before open the page
[2025-05-03 10:27:11] INFO [web:141] blank opended
[2025-05-03 10:27:11] INFO [web:146] ActionChains opended
[2025-05-03 10:27:15] INFO [web:148] move_by_offset run
[2025-05-03 10:36:18] INFO [web:139] before open the page
[2025-05-03 10:36:18] INFO [web:141] blank opended
[2025-05-03 10:36:18] INFO [web:146] ActionChains opended
[2025-05-03 10:36:18] INFO [web:148] move_by_offset run
[2025-05-03 10:36:21] INFO [web:151] human_mouse_move run
[2025-05-03 15:57:28] INFO [web:139] before open the page
[2025-05-03 15:57:28] INFO [web:141] blank opended
[2025-05-03 15:57:28] INFO [web:146] ActionChains opended
[2025-05-03 15:57:29] INFO [web:148] move_by_offset run
[2025-05-03 15:57:32] INFO [web:151] human_mouse_move run
[2025-05-03 16:08:58] INFO [web:139] before open the page
[2025-05-03 16:08:58] INFO [web:141] blank opended
[2025-05-03 16:08:58] INFO [web:146] ActionChains opended
[2025-05-03 16:08:58] INFO [web:148] move_by_offset run
[2025-05-03 16:09:02] INFO [web:151] human_mouse_move run
[2025-05-03 16:11:37] INFO [web:139] before open the page
[2025-05-03 16:11:37] INFO [web:141] blank opended
[2025-05-03 16:11:37] INFO [web:146] ActionChains opended
[2025-05-03 16:11:37] INFO [web:148] move_by_offset run
[2025-05-03 16:11:40] INFO [web:151] human_mouse_move run
[2025-05-03 16:28:59] INFO [web:385] logger working
[2025-05-03 16:28:59] INFO [web:386] wait for driver to load
[2025-05-03 16:29:36] INFO [web:144] before open the page
[2025-05-03 16:29:36] INFO [web:146] blank opended
[2025-05-03 16:29:36] INFO [web:151] ActionChains opended
[2025-05-03 16:29:37] INFO [web:153] move_by_offset run
[2025-05-03 16:29:40] INFO [web:385] wait for driver to load
[2025-05-03 16:30:36] INFO [web:144] before open the page
[2025-05-03 16:30:36] INFO [web:146] blank opended
[2025-05-03 16:30:36] INFO [web:151] ActionChains opended
[2025-05-03 16:30:37] INFO [web:153] move_by_offset run
[2025-05-03 16:30:39] INFO [web:156] human_mouse_move run
[2025-05-03 16:45:37] INFO [web:385] wait for driver to load
[2025-05-03 16:45:42] INFO [web:144] before open the page
[2025-05-03 16:45:42] INFO [web:146] blank opended
[2025-05-03 16:45:42] INFO [web:151] ActionChains opended
[2025-05-03 16:45:42] INFO [web:153] move_by_offset run
[2025-05-03 16:45:45] INFO [web:156] human_mouse_move run
[2025-05-03 16:47:42] INFO [web:381] wait for driver to load
[2025-05-03 16:47:46] INFO [web:141] before open the page
[2025-05-03 16:47:46] INFO [web:143] blank opended
[2025-05-03 16:47:46] INFO [web:148] ActionChains opended
[2025-05-03 16:47:47] INFO [web:150] move_by_offset run
[2025-05-03 16:47:50] INFO [web:153] human_mouse_move run
[2025-05-03 16:49:27] INFO [web:381] wait for driver to load
[2025-05-03 16:50:04] INFO [web:141] before open the page
[2025-05-03 16:50:04] INFO [web:143] blank opended
[2025-05-03 16:50:04] INFO [web:148] ActionChains opended
[2025-05-03 16:50:04] INFO [web:150] move_by_offset run
[2025-05-03 16:50:07] INFO [web:153] human_mouse_move was run
[2025-05-03 16:54:23] INFO [web:383] wait for driver to load
[2025-05-03 16:54:45] INFO [web:141] before open the page
[2025-05-03 16:54:45] INFO [web:143] blank opended
[2025-05-03 16:54:45] INFO [web:148] ActionChains opended
[2025-05-03 16:54:45] INFO [web:150] move_by_offset run
[2025-05-03 16:54:48] INFO [web:153] human_mouse_move was run
[2025-05-03 16:54:51] INFO [web:362] map closed successfully
